2022-01-19 10:42:50.540  INFO 24228 --- [main] c.m.SuppliedStockApplication             : Starting SuppliedStockApplication using Java 17.0.1 on LIN19004402 with PID 24228 (C:\Users\VPOTTUMU\OneDrive - Capgemini\Documents\MedicalStoreApp\Suppliedstockms\target\classes started by vpottumu in C:\Users\VPOTTUMU\OneDrive - Capgemini\Documents\MedicalStoreApp\Suppliedstockms)
2022-01-19 10:42:50.554  INFO 24228 --- [main] c.m.SuppliedStockApplication             : No active profile set, falling back to default profiles: default
2022-01-19 10:42:52.293  INFO 24228 --- [main] .s.d.r.c.RepositoryConfigurationDelegate : Bootstrapping Spring Data JPA repositories in DEFAULT mode.
2022-01-19 10:42:52.490  INFO 24228 --- [main] .s.d.r.c.RepositoryConfigurationDelegate : Finished Spring Data repository scanning in 180 ms. Found 1 JPA repository interfaces.
2022-01-19 10:42:52.896  INFO 24228 --- [main] o.s.cloud.context.scope.GenericScope     : BeanFactory id=30da1a5f-e84f-33de-bce6-2762fd64f1cc
2022-01-19 10:42:53.613  INFO 24228 --- [main] o.s.b.w.embedded.tomcat.TomcatWebServer  : Tomcat initialized with port(s): 8482 (http)
2022-01-19 10:42:53.628  INFO 24228 --- [main] o.apache.catalina.core.StandardService   : Starting service [Tomcat]
2022-01-19 10:42:53.629  INFO 24228 --- [main] org.apache.catalina.core.StandardEngine  : Starting Servlet engine: [Apache Tomcat/9.0.56]
2022-01-19 10:42:53.861  INFO 24228 --- [main] o.a.c.c.C.[Tomcat].[localhost].[/]       : Initializing Spring embedded WebApplicationContext
2022-01-19 10:42:53.862  INFO 24228 --- [main] w.s.c.ServletWebServerApplicationContext : Root WebApplicationContext: initialization completed in 3246 ms
2022-01-19 10:42:54.265  INFO 24228 --- [main] o.hibernate.jpa.internal.util.LogHelper  : HHH000204: Processing PersistenceUnitInfo [name: default]
2022-01-19 10:42:54.416  INFO 24228 --- [main] org.hibernate.Version                    : HHH000412: Hibernate ORM core version 5.6.3.Final
2022-01-19 10:42:54.729  INFO 24228 --- [main] o.hibernate.annotations.common.Version   : HCANN000001: Hibernate Commons Annotations {5.1.2.Final}
2022-01-19 10:42:54.903  INFO 24228 --- [main] com.zaxxer.hikari.HikariDataSource       : HikariPool-1 - Starting...
2022-01-19 10:42:55.357  INFO 24228 --- [main] com.zaxxer.hikari.HikariDataSource       : HikariPool-1 - Start completed.
2022-01-19 10:42:55.412  INFO 24228 --- [main] org.hibernate.dialect.Dialect            : HHH000400: Using dialect: org.hibernate.dialect.PostgreSQL95Dialect
2022-01-19 10:42:56.530  INFO 24228 --- [main] o.h.e.t.j.p.i.JtaPlatformInitiator       : HHH000490: Using JtaPlatform implementation: [org.hibernate.engine.transaction.jta.platform.internal.NoJtaPlatform]
2022-01-19 10:42:56.542  INFO 24228 --- [main] j.LocalContainerEntityManagerFactoryBean : Initialized JPA EntityManagerFactory for persistence unit 'default'
2022-01-19 10:42:57.375  WARN 24228 --- [main] JpaBaseConfiguration$JpaWebConfiguration : spring.jpa.open-in-view is enabled by default. Therefore, database queries may be performed during view rendering. Explicitly configure spring.jpa.open-in-view to disable this warning
2022-01-19 10:42:59.393  INFO 24228 --- [main] DiscoveryClientOptionalArgsConfiguration : Eureka HTTP Client uses RestTemplate.
2022-01-19 10:42:59.492  WARN 24228 --- [main] iguration$LoadBalancerCaffeineWarnLogger : Spring Cloud LoadBalancer is currently working with the default cache. You can switch to using Caffeine cache, by adding it and org.springframework.cache.caffeine.CaffeineCacheManager to the classpath.
2022-01-19 10:42:59.501  INFO 24228 --- [main] o.s.b.a.e.web.EndpointLinksResolver      : Exposing 17 endpoint(s) beneath base path '/actuator'
2022-01-19 10:42:59.572  INFO 24228 --- [main] o.s.c.n.eureka.InstanceInfoFactory       : Setting initial instance status as: STARTING
2022-01-19 10:42:59.748  INFO 24228 --- [main] com.netflix.discovery.DiscoveryClient    : Initializing Eureka in region us-east-1
2022-01-19 10:42:59.756  INFO 24228 --- [main] c.n.d.s.r.aws.ConfigClusterResolver      : Resolving eureka endpoints via configuration
2022-01-19 10:42:59.806  INFO 24228 --- [main] com.netflix.discovery.DiscoveryClient    : Disable delta property : false
2022-01-19 10:42:59.806  INFO 24228 --- [main] com.netflix.discovery.DiscoveryClient    : Single vip registry refresh property : null
2022-01-19 10:42:59.806  INFO 24228 --- [main] com.netflix.discovery.DiscoveryClient    : Force full registry fetch : false
2022-01-19 10:42:59.806  INFO 24228 --- [main] com.netflix.discovery.DiscoveryClient    : Application is null : false
2022-01-19 10:42:59.807  INFO 24228 --- [main] com.netflix.discovery.DiscoveryClient    : Registered Applications size is zero : true
2022-01-19 10:42:59.807  INFO 24228 --- [main] com.netflix.discovery.DiscoveryClient    : Application version is -1: true
2022-01-19 10:42:59.807  INFO 24228 --- [main] com.netflix.discovery.DiscoveryClient    : Getting all instance registry info from the eureka server
2022-01-19 10:43:00.274  INFO 24228 --- [main] com.netflix.discovery.DiscoveryClient    : The response status is 200
2022-01-19 10:43:00.278  INFO 24228 --- [main] com.netflix.discovery.DiscoveryClient    : Starting heartbeat executor: renew interval is: 30
2022-01-19 10:43:00.281  INFO 24228 --- [main] c.n.discovery.InstanceInfoReplicator     : InstanceInfoReplicator onDemand update allowed rate per min is 4
2022-01-19 10:43:00.286  INFO 24228 --- [main] com.netflix.discovery.DiscoveryClient    : Discovery Client initialized at timestamp 1642569180285 with initial instances count: 1
2022-01-19 10:43:00.289  INFO 24228 --- [main] o.s.c.n.e.s.EurekaServiceRegistry        : Registering application SUPPLIEDSTOCKMS with eureka with status UP
2022-01-19 10:43:00.291  INFO 24228 --- [main] com.netflix.discovery.DiscoveryClient    : Saw local status change event StatusChangeEvent [timestamp=1642569180291, current=UP, previous=STARTING]
2022-01-19 10:43:00.295  INFO 24228 --- [DiscoveryClient-InstanceInfoReplicator-0] com.netflix.discovery.DiscoveryClient    : DiscoveryClient_SUPPLIEDSTOCKMS/LIN19004402.corp.capgemini.com:suppliedstockms:8482: registering service...
2022-01-19 10:43:00.403  INFO 24228 --- [main] o.s.b.w.embedded.tomcat.TomcatWebServer  : Tomcat started on port(s): 8482 (http) with context path ''
2022-01-19 10:43:00.404  INFO 24228 --- [main] .s.c.n.e.s.EurekaAutoServiceRegistration : Updating port to 8482
2022-01-19 10:43:00.409  INFO 24228 --- [DiscoveryClient-InstanceInfoReplicator-0] com.netflix.discovery.DiscoveryClient    : DiscoveryClient_SUPPLIEDSTOCKMS/LIN19004402.corp.capgemini.com:suppliedstockms:8482 - registration status: 204
2022-01-19 10:43:00.532  INFO 24228 --- [main] c.m.SuppliedStockApplication             : Started SuppliedStockApplication in 10.768 seconds (JVM running for 11.495)
2022-01-19 10:44:21.152  INFO 24228 --- [http-nio-8482-exec-1] o.a.c.c.C.[Tomcat].[localhost].[/]       : Initializing Spring DispatcherServlet 'dispatcherServlet'
2022-01-19 10:44:21.154  INFO 24228 --- [http-nio-8482-exec-1] o.s.web.servlet.DispatcherServlet        : Initializing Servlet 'dispatcherServlet'
2022-01-19 10:44:21.175  INFO 24228 --- [http-nio-8482-exec-1] o.s.web.servlet.DispatcherServlet        : Completed initialization in 21 ms
2022-01-19 10:44:21.655  INFO 24228 --- [http-nio-8482-exec-2] o.springdoc.api.AbstractOpenApiResource  : Init duration for springdoc-openapi is: 328 ms
2022-01-19 10:47:59.820  INFO 24228 --- [AsyncResolver-bootstrap-executor-0] c.n.d.s.r.aws.ConfigClusterResolver      : Resolving eureka endpoints via configuration
2022-01-19 10:52:59.827  INFO 24228 --- [AsyncResolver-bootstrap-executor-0] c.n.d.s.r.aws.ConfigClusterResolver      : Resolving eureka endpoints via configuration
2022-01-19 10:57:59.852  INFO 24228 --- [AsyncResolver-bootstrap-executor-0] c.n.d.s.r.aws.ConfigClusterResolver      : Resolving eureka endpoints via configuration
2022-01-19 11:02:59.855  INFO 24228 --- [AsyncResolver-bootstrap-executor-0] c.n.d.s.r.aws.ConfigClusterResolver      : Resolving eureka endpoints via configuration
2022-01-19 11:07:59.870  INFO 24228 --- [AsyncResolver-bootstrap-executor-0] c.n.d.s.r.aws.ConfigClusterResolver      : Resolving eureka endpoints via configuration
2022-01-19 11:12:59.893  INFO 24228 --- [AsyncResolver-bootstrap-executor-0] c.n.d.s.r.aws.ConfigClusterResolver      : Resolving eureka endpoints via configuration
2022-01-19 11:17:59.905  INFO 24228 --- [AsyncResolver-bootstrap-executor-0] c.n.d.s.r.aws.ConfigClusterResolver      : Resolving eureka endpoints via configuration
2022-01-19 11:22:59.920  INFO 24228 --- [AsyncResolver-bootstrap-executor-0] c.n.d.s.r.aws.ConfigClusterResolver      : Resolving eureka endpoints via configuration
2022-01-19 11:27:59.929  INFO 24228 --- [AsyncResolver-bootstrap-executor-0] c.n.d.s.r.aws.ConfigClusterResolver      : Resolving eureka endpoints via configuration
2022-01-19 11:32:59.944  INFO 24228 --- [AsyncResolver-bootstrap-executor-0] c.n.d.s.r.aws.ConfigClusterResolver      : Resolving eureka endpoints via configuration
2022-01-19 11:37:59.952  INFO 24228 --- [AsyncResolver-bootstrap-executor-0] c.n.d.s.r.aws.ConfigClusterResolver      : Resolving eureka endpoints via configuration
2022-01-19 11:42:59.959  INFO 24228 --- [AsyncResolver-bootstrap-executor-0] c.n.d.s.r.aws.ConfigClusterResolver      : Resolving eureka endpoints via configuration
2022-01-19 11:47:59.984  INFO 24228 --- [AsyncResolver-bootstrap-executor-0] c.n.d.s.r.aws.ConfigClusterResolver      : Resolving eureka endpoints via configuration
2022-01-19 11:52:59.993  INFO 24228 --- [AsyncResolver-bootstrap-executor-0] c.n.d.s.r.aws.ConfigClusterResolver      : Resolving eureka endpoints via configuration
2022-01-19 11:58:00.010  INFO 24228 --- [AsyncResolver-bootstrap-executor-0] c.n.d.s.r.aws.ConfigClusterResolver      : Resolving eureka endpoints via configuration
2022-01-19 12:03:00.029  INFO 24228 --- [AsyncResolver-bootstrap-executor-0] c.n.d.s.r.aws.ConfigClusterResolver      : Resolving eureka endpoints via configuration
2022-01-19 12:08:00.056  INFO 24228 --- [AsyncResolver-bootstrap-executor-0] c.n.d.s.r.aws.ConfigClusterResolver      : Resolving eureka endpoints via configuration
2022-01-19 12:13:00.082  INFO 24228 --- [AsyncResolver-bootstrap-executor-0] c.n.d.s.r.aws.ConfigClusterResolver      : Resolving eureka endpoints via configuration
2022-01-19 12:18:00.099  INFO 24228 --- [AsyncResolver-bootstrap-executor-0] c.n.d.s.r.aws.ConfigClusterResolver      : Resolving eureka endpoints via configuration
2022-01-19 12:23:00.114  INFO 24228 --- [AsyncResolver-bootstrap-executor-0] c.n.d.s.r.aws.ConfigClusterResolver      : Resolving eureka endpoints via configuration
2022-01-19 12:28:00.131  INFO 24228 --- [AsyncResolver-bootstrap-executor-0] c.n.d.s.r.aws.ConfigClusterResolver      : Resolving eureka endpoints via configuration
2022-01-19 12:33:00.156  INFO 24228 --- [AsyncResolver-bootstrap-executor-0] c.n.d.s.r.aws.ConfigClusterResolver      : Resolving eureka endpoints via configuration
2022-01-19 12:38:00.174  INFO 24228 --- [AsyncResolver-bootstrap-executor-0] c.n.d.s.r.aws.ConfigClusterResolver      : Resolving eureka endpoints via configuration
2022-01-19 12:43:00.199  INFO 24228 --- [AsyncResolver-bootstrap-executor-0] c.n.d.s.r.aws.ConfigClusterResolver      : Resolving eureka endpoints via configuration
2022-01-19 12:48:00.214  INFO 24228 --- [AsyncResolver-bootstrap-executor-0] c.n.d.s.r.aws.ConfigClusterResolver      : Resolving eureka endpoints via configuration
2022-01-19 12:53:00.235  INFO 24228 --- [AsyncResolver-bootstrap-executor-0] c.n.d.s.r.aws.ConfigClusterResolver      : Resolving eureka endpoints via configuration
2022-01-19 12:58:00.262  INFO 24228 --- [AsyncResolver-bootstrap-executor-0] c.n.d.s.r.aws.ConfigClusterResolver      : Resolving eureka endpoints via configuration
2022-01-19 13:03:00.278  INFO 24228 --- [AsyncResolver-bootstrap-executor-0] c.n.d.s.r.aws.ConfigClusterResolver      : Resolving eureka endpoints via configuration
2022-01-19 13:08:00.293  INFO 24228 --- [AsyncResolver-bootstrap-executor-0] c.n.d.s.r.aws.ConfigClusterResolver      : Resolving eureka endpoints via configuration
2022-01-19 13:13:00.305  INFO 24228 --- [AsyncResolver-bootstrap-executor-0] c.n.d.s.r.aws.ConfigClusterResolver      : Resolving eureka endpoints via configuration
2022-01-19 13:18:00.323  INFO 24228 --- [AsyncResolver-bootstrap-executor-0] c.n.d.s.r.aws.ConfigClusterResolver      : Resolving eureka endpoints via configuration
2022-01-19 13:23:00.336  INFO 24228 --- [AsyncResolver-bootstrap-executor-0] c.n.d.s.r.aws.ConfigClusterResolver      : Resolving eureka endpoints via configuration
2022-01-19 13:28:00.348  INFO 24228 --- [AsyncResolver-bootstrap-executor-0] c.n.d.s.r.aws.ConfigClusterResolver      : Resolving eureka endpoints via configuration
2022-01-19 13:33:00.365  INFO 24228 --- [AsyncResolver-bootstrap-executor-0] c.n.d.s.r.aws.ConfigClusterResolver      : Resolving eureka endpoints via configuration
2022-01-19 13:38:00.375  INFO 24228 --- [AsyncResolver-bootstrap-executor-0] c.n.d.s.r.aws.ConfigClusterResolver      : Resolving eureka endpoints via configuration
2022-01-19 13:43:00.393  INFO 24228 --- [AsyncResolver-bootstrap-executor-0] c.n.d.s.r.aws.ConfigClusterResolver      : Resolving eureka endpoints via configuration
2022-01-19 13:48:00.414  INFO 24228 --- [AsyncResolver-bootstrap-executor-0] c.n.d.s.r.aws.ConfigClusterResolver      : Resolving eureka endpoints via configuration
2022-01-19 13:53:00.420  INFO 24228 --- [AsyncResolver-bootstrap-executor-0] c.n.d.s.r.aws.ConfigClusterResolver      : Resolving eureka endpoints via configuration
2022-01-19 13:58:00.432  INFO 24228 --- [AsyncResolver-bootstrap-executor-0] c.n.d.s.r.aws.ConfigClusterResolver      : Resolving eureka endpoints via configuration
2022-01-19 14:03:00.457  INFO 24228 --- [AsyncResolver-bootstrap-executor-0] c.n.d.s.r.aws.ConfigClusterResolver      : Resolving eureka endpoints via configuration
2022-01-19 14:08:00.477  INFO 24228 --- [AsyncResolver-bootstrap-executor-0] c.n.d.s.r.aws.ConfigClusterResolver      : Resolving eureka endpoints via configuration
2022-01-19 14:13:00.497  INFO 24228 --- [AsyncResolver-bootstrap-executor-0] c.n.d.s.r.aws.ConfigClusterResolver      : Resolving eureka endpoints via configuration
2022-01-19 14:18:00.515  INFO 24228 --- [AsyncResolver-bootstrap-executor-0] c.n.d.s.r.aws.ConfigClusterResolver      : Resolving eureka endpoints via configuration
2022-01-19 14:23:00.526  INFO 24228 --- [AsyncResolver-bootstrap-executor-0] c.n.d.s.r.aws.ConfigClusterResolver      : Resolving eureka endpoints via configuration
2022-01-19 14:28:00.543  INFO 24228 --- [AsyncResolver-bootstrap-executor-0] c.n.d.s.r.aws.ConfigClusterResolver      : Resolving eureka endpoints via configuration
2022-01-19 14:33:00.552  INFO 24228 --- [AsyncResolver-bootstrap-executor-0] c.n.d.s.r.aws.ConfigClusterResolver      : Resolving eureka endpoints via configuration
2022-01-19 14:38:00.570  INFO 24228 --- [AsyncResolver-bootstrap-executor-0] c.n.d.s.r.aws.ConfigClusterResolver      : Resolving eureka endpoints via configuration
2022-01-19 14:43:00.588  INFO 24228 --- [AsyncResolver-bootstrap-executor-0] c.n.d.s.r.aws.ConfigClusterResolver      : Resolving eureka endpoints via configuration
2022-01-19 14:48:00.609  INFO 24228 --- [AsyncResolver-bootstrap-executor-0] c.n.d.s.r.aws.ConfigClusterResolver      : Resolving eureka endpoints via configuration
2022-01-19 14:53:00.620  INFO 24228 --- [AsyncResolver-bootstrap-executor-0] c.n.d.s.r.aws.ConfigClusterResolver      : Resolving eureka endpoints via configuration
2022-01-19 14:58:00.627  INFO 24228 --- [AsyncResolver-bootstrap-executor-0] c.n.d.s.r.aws.ConfigClusterResolver      : Resolving eureka endpoints via configuration
2022-01-19 15:03:00.639  INFO 24228 --- [AsyncResolver-bootstrap-executor-0] c.n.d.s.r.aws.ConfigClusterResolver      : Resolving eureka endpoints via configuration
2022-01-19 15:08:00.654  INFO 24228 --- [AsyncResolver-bootstrap-executor-0] c.n.d.s.r.aws.ConfigClusterResolver      : Resolving eureka endpoints via configuration
2022-01-19 15:13:00.659  INFO 24228 --- [AsyncResolver-bootstrap-executor-0] c.n.d.s.r.aws.ConfigClusterResolver      : Resolving eureka endpoints via configuration
2022-01-19 15:18:00.673  INFO 24228 --- [AsyncResolver-bootstrap-executor-0] c.n.d.s.r.aws.ConfigClusterResolver      : Resolving eureka endpoints via configuration
2022-01-19 15:23:00.690  INFO 24228 --- [AsyncResolver-bootstrap-executor-0] c.n.d.s.r.aws.ConfigClusterResolver      : Resolving eureka endpoints via configuration
2022-01-19 15:28:00.700  INFO 24228 --- [AsyncResolver-bootstrap-executor-0] c.n.d.s.r.aws.ConfigClusterResolver      : Resolving eureka endpoints via configuration
2022-01-19 15:33:00.709  INFO 24228 --- [AsyncResolver-bootstrap-executor-0] c.n.d.s.r.aws.ConfigClusterResolver      : Resolving eureka endpoints via configuration
2022-01-19 15:38:00.715  INFO 24228 --- [AsyncResolver-bootstrap-executor-0] c.n.d.s.r.aws.ConfigClusterResolver      : Resolving eureka endpoints via configuration
2022-01-19 15:43:00.738  INFO 24228 --- [AsyncResolver-bootstrap-executor-0] c.n.d.s.r.aws.ConfigClusterResolver      : Resolving eureka endpoints via configuration
2022-01-19 15:48:00.778  INFO 24228 --- [AsyncResolver-bootstrap-executor-0] c.n.d.s.r.aws.ConfigClusterResolver      : Resolving eureka endpoints via configuration
2022-01-19 15:53:00.799  INFO 24228 --- [AsyncResolver-bootstrap-executor-0] c.n.d.s.r.aws.ConfigClusterResolver      : Resolving eureka endpoints via configuration
2022-01-19 15:58:00.830  INFO 24228 --- [AsyncResolver-bootstrap-executor-0] c.n.d.s.r.aws.ConfigClusterResolver      : Resolving eureka endpoints via configuration
2022-01-19 16:03:00.847  INFO 24228 --- [AsyncResolver-bootstrap-executor-0] c.n.d.s.r.aws.ConfigClusterResolver      : Resolving eureka endpoints via configuration
2022-01-19 16:08:00.860  INFO 24228 --- [AsyncResolver-bootstrap-executor-0] c.n.d.s.r.aws.ConfigClusterResolver      : Resolving eureka endpoints via configuration
2022-01-19 16:13:00.871  INFO 24228 --- [AsyncResolver-bootstrap-executor-0] c.n.d.s.r.aws.ConfigClusterResolver      : Resolving eureka endpoints via configuration
2022-01-19 16:18:00.882  INFO 24228 --- [AsyncResolver-bootstrap-executor-0] c.n.d.s.r.aws.ConfigClusterResolver      : Resolving eureka endpoints via configuration
2022-01-19 16:23:00.894  INFO 24228 --- [AsyncResolver-bootstrap-executor-0] c.n.d.s.r.aws.ConfigClusterResolver      : Resolving eureka endpoints via configuration
2022-01-19 16:28:00.898  INFO 24228 --- [AsyncResolver-bootstrap-executor-0] c.n.d.s.r.aws.ConfigClusterResolver      : Resolving eureka endpoints via configuration
2022-01-19 16:33:00.918  INFO 24228 --- [AsyncResolver-bootstrap-executor-0] c.n.d.s.r.aws.ConfigClusterResolver      : Resolving eureka endpoints via configuration
